<?xml version="1.0" encoding="UTF-8"?>
<!-- Generated by org.testng.reporters.JUnitReportReporter -->
<testsuite hostname="microsof-751ecf" name="com.epam.automation.tests.WikiTestClass" tests="2" failures="0" timestamp="4 Jul 2016 20:03:49 GMT" time="21.594" errors="0">
  <testcase name="secondTestWiki" time="10.469" classname="com.epam.automation.tests.WikiTestClass"/>
  <testcase name="firstTestWiki" time="11.125" classname="com.epam.automation.tests.WikiTestClass"/>
</testsuite> <!-- com.epam.automation.tests.WikiTestClass -->
