<?xml version="1.0" encoding="UTF-8"?>
<!-- Generated by org.testng.reporters.JUnitReportReporter -->
<testsuite hostname="microsof-751ecf" name="com.epam.automation.tests.TestWikiClass" tests="2" failures="0" timestamp="5 Jul 2016 08:06:48 GMT" time="19.922" errors="0">
  <testcase name="secondTestWiki" time="9.234" classname="com.epam.automation.tests.TestWikiClass"/>
  <testcase name="firstTestWiki" time="10.688" classname="com.epam.automation.tests.TestWikiClass"/>
</testsuite> <!-- com.epam.automation.tests.TestWikiClass -->
